# JRE version: Java(TM) SE Runtime Environment (21.0.9+7) (build 21.0.9+7-LTS-338)
# Java VM: Java HotSpot(TM) 64-Bit Server VM (21.0.9+7-LTS-338, mixed mode, sharing, tiered, compressed oops, compressed class ptrs, g1 gc, windows-amd64)
GC Precious Log:
 CardTable entry size: 512
 Card Set container configuration: InlinePtr #cards 5 size 8 Array Of Cards #cards 12 size 40 Howl #buckets 4 coarsen threshold 1843 Howl Bitmap #cards 512 size 80 coarsen threshold 460 Card regions per heap region 1 cards per card region 2048
 CPUs: 12 total, 12 available
 Memory: 6005M
 Large Page Support: Disabled
 NUMA Support: Disabled
 Compressed Oops: Enabled (32-bit)
 Heap Region Size: 1M
 Heap Min Capacity: 8M
 Heap Initial Capacity: 94M
 Heap Max Capacity: 1502M
 Pre-touch: Disabled
 Parallel Workers: 10
 Concurrent Workers: 3
 Concurrent Refinement Workers: 10
 Periodic GC: Disabled
Heap:
 garbage-first heap   total 92160K, used 26624K [0x00000000a2200000, 0x0000000100000000)
  region size 1024K, 8 young (8192K), 7 survivors (7168K)
 Metaspace       used 23682K, committed 24128K, reserved 1114112K
  class space    used 2745K, committed 2944K, reserved 1048576K
GC Heap History (10 events):
Event: 3.049 GC heap before
{Heap before GC invocations=0 (full 0):
 garbage-first heap   total 96256K, used 23552K [0x00000000a2200000, 0x0000000100000000)
  region size 1024K, 23 young (23552K), 0 survivors (0K)
 Metaspace       used 5623K, committed 5888K, reserved 1114112K
  class space    used 651K, committed 768K, reserved 1048576K
}
Event: 3.059 GC heap after
{Heap after GC invocations=1 (full 0):
 garbage-first heap   total 96256K, used 3756K [0x00000000a2200000, 0x0000000100000000)
  region size 1024K, 3 young (3072K), 3 survivors (3072K)
 Metaspace       used 5623K, committed 5888K, reserved 1114112K
  class space    used 651K, committed 768K, reserved 1048576K
}
Event: 3.738 GC heap before
{Heap before GC invocations=1 (full 0):
 garbage-first heap   total 96256K, used 34476K [0x00000000a2200000, 0x0000000100000000)
  region size 1024K, 34 young (34816K), 3 survivors (3072K)
 Metaspace       used 9876K, committed 10112K, reserved 1114112K
  class space    used 1160K, committed 1280K, reserved 1048576K
}
Event: 3.746 GC heap after
{Heap after GC invocations=2 (full 0):
 garbage-first heap   total 96256K, used 5878K [0x00000000a2200000, 0x0000000100000000)
  region size 1024K, 2 young (2048K), 2 survivors (2048K)
 Metaspace       used 9876K, committed 10112K, reserved 1114112K
  class space    used 1160K, committed 1280K, reserved 1048576K
}
Event: 5.060 GC heap before
{Heap before GC invocations=2 (full 0):
 garbage-first heap   total 96256K, used 61174K [0x00000000a2200000, 0x0000000100000000)
  region size 1024K, 56 young (57344K), 2 survivors (2048K)
 Metaspace       used 15631K, committed 15872K, reserved 1114112K
  class space    used 1821K, committed 1920K, reserved 1048576K
}
Event: 5.075 GC heap after
{Heap after GC invocations=3 (full 0):
 garbage-first heap   total 96256K, used 12049K [0x00000000a2200000, 0x0000000100000000)
  region size 1024K, 7 young (7168K), 7 survivors (7168K)
 Metaspace       used 15631K, committed 15872K, reserved 1114112K
  class space    used 1821K, committed 1920K, reserved 1048576K
}
Event: 6.522 GC heap before
{Heap before GC invocations=3 (full 0):
 garbage-first heap   total 96256K, used 62225K [0x00000000a2200000, 0x0000000100000000)
  region size 1024K, 56 young (57344K), 7 survivors (7168K)
 Metaspace       used 17562K, committed 17920K, reserved 1114112K
  class space    used 1999K, committed 2176K, reserved 1048576K
}
Event: 6.535 GC heap after
{Heap after GC invocations=4 (full 0):
 garbage-first heap   total 96256K, used 15807K [0x00000000a2200000, 0x0000000100000000)
  region size 1024K, 3 young (3072K), 3 survivors (3072K)
 Metaspace       used 17562K, committed 17920K, reserved 1114112K
  class space    used 1999K, committed 2176K, reserved 1048576K
}
Event: 7.316 GC heap before
{Heap before GC invocations=4 (full 0):
 garbage-first heap   total 96256K, used 48575K [0x00000000a2200000, 0x0000000100000000)
  region size 1024K, 30 young (30720K), 3 survivors (3072K)
 Metaspace       used 21122K, committed 21504K, reserved 1114112K
  class space    used 2435K, committed 2624K, reserved 1048576K
}
Event: 7.326 GC heap after
{Heap after GC invocations=5 (full 0):
 garbage-first heap   total 96256K, used 26624K [0x00000000a2200000, 0x0000000100000000)
  region size 1024K, 7 young (7168K), 7 survivors (7168K)
 Metaspace       used 21122K, committed 21504K, reserved 1114112K
  class space    used 2435K, committed 2624K, reserved 1048576K
}

